{"logTime": "0114/160146", "correlationVector":"sBu3JuOBe3X1IiB13GhAmi.1","action":"SyncServerConnectionManagerRequest", "result":"SYNC_SERVER_OK", "context":{"environment":"Prod_southeastasia_prod-s01-064-apac-southeastasia", "migrationStage":"NotStarted", "server":"akswtt10900000f"}}
{"logTime": "0114/160146", "correlationVector":"sBu3JuOBe3X1IiB13GhAmi.2","action":"ProcessGetUpdates", "result":"Done", "context":{"dataType":"Encryption Keys", "deleted":"0", "process_failed_to_decrypt":"0", "process_pending_decryption":"0", "process_success":"1", "total":"1"}}
{"logTime": "0114/160146", "correlationVector":"GgQFlQd8N1enbodxKcQorT","action":"SyncServerConnectionManagerRequest", "result":"SYNC_SERVER_OK", "context":{"environment":"", "migrationStage":"", "server":""}}
{"logTime": "0114/160146", "correlationVector":"GgQFlQd8N1enbodxKcQorT.0","action":"EncryptionKeysFetcher.DownloadKeys:", "result":"Success", "context":Key count: 1, Last key timestamp: 2026-01-11T03:43:41Z}
{"logTime": "0114/160146", "correlationVector":"GgQFlQd8N1enbodxKcQorT.1","action":"EncryptionKeysManager::SetEncryptionKeys:", "result":"Success", "context":Key names[1]:[3Y+oDwt7CEpmhXt9VWC1v24hBgclUqjjS8Ae8jedJZ0VbTI9PCo8jDPSpNUrfYCEbbpZduztDWKL7mpjrH1Hbg==]}
{"logTime": "0114/160146", "correlationVector":"GgQFlQd8N1enbodxKcQorT.2","action":"EncryptionKeysManager::SetEncryptionKeysWithTimestamps:", "result":"Success", "context":Key timestamps[1]:[2026-01-11T03:43:41Z]}
{"logTime": "0114/160146", "correlationVector":"sBu3JuOBe3X1IiB13GhAmi","action":"Initial GetUpdates", "result":"", "context":Reason: NEW_CLIENT. cV=sBu3JuOBe3X1IiB13GhAmi}
{"logTime": "0114/160146", "correlationVector":"sBu3JuOBe3X1IiB13GhAmi.3","action":"GetUpdates Response", "result":"Success", "context":Received 1 update(s). cV=sBu3JuOBe3X1IiB13GhAmi.0;server=akswtt10900000f;cloudType=Consumer;environment=Prod_southeastasia_prod-s01-064-apac-southeastasia;migrationStage=NotStarted}
{"logTime": "0114/160146", "correlationVector":"KT5owID37tCtpw6zIL/TH6","action":"Initial GetUpdates", "result":"", "context":Reason: NEWLY_SUPPORTED_DATATYPE. cV=KT5owID37tCtpw6zIL/TH6}
{"logTime": "0114/160146", "correlationVector":"KT5owID37tCtpw6zIL/TH6.1","action":"SyncServerConnectionManagerRequest", "result":"SYNC_SERVER_OK", "context":{"environment":"Prod_southeastasia_prod-s01-065-apac-southeastasia", "migrationStage":"NotStarted", "server":"akswtt109000004"}}
{"logTime": "0114/160146", "correlationVector":"KT5owID37tCtpw6zIL/TH6.2","action":"ProcessGetUpdates", "result":"Done", "context":{"dataType":"Preferences", "deleted":"0", "process_failed_to_decrypt":"0", "process_pending_decryption":"0", "process_success":"29", "total":"29"}}
{"logTime": "0114/160146", "correlationVector":"KT5owID37tCtpw6zIL/TH6.3","action":"GetUpdates Response", "result":"Success", "context":Received 29 update(s). cV=KT5owID37tCtpw6zIL/TH6.0;server=akswtt109000004;cloudType=Consumer;environment=Prod_southeastasia_prod-s01-065-apac-southeastasia;migrationStage=NotStarted}
{"logTime": "0114/160146", "correlationVector":"mZEIn0ThOvH47C6AlTXUnj","action":"Initial GetUpdates", "result":"", "context":Reason: NEWLY_SUPPORTED_DATATYPE. cV=mZEIn0ThOvH47C6AlTXUnj}
{"logTime": "0114/160147", "correlationVector":"mZEIn0ThOvH47C6AlTXUnj.1","action":"SyncServerConnectionManagerRequest", "result":"SYNC_SERVER_OK", "context":{"environment":"Prod_southeastasia_prod-s01-065-apac-southeastasia", "migrationStage":"NotStarted", "server":"akswtt109000006"}}
{"logTime": "0114/160147", "correlationVector":"mZEIn0ThOvH47C6AlTXUnj.2","action":"ProcessGetUpdates", "result":"Done", "context":{"dataType":"Bookmarks", "deleted":"0", "process_failed_to_decrypt":"0", "process_pending_decryption":"0", "process_success":"6", "total":"6"}}
{"logTime": "0114/160147", "correlationVector":"mZEIn0ThOvH47C6AlTXUnj.3","action":"GetUpdates Response", "result":"Success", "context":Received 6 update(s). cV=mZEIn0ThOvH47C6AlTXUnj.0;server=akswtt109000006;cloudType=Consumer;environment=Prod_southeastasia_prod-s01-065-apac-southeastasia;migrationStage=NotStarted}
{"logTime": "0114/160147", "correlationVector":"7oqMwY7qKySs6LsX5HstwN","action":"Initial GetUpdates", "result":"", "context":Reason: NEWLY_SUPPORTED_DATATYPE. cV=7oqMwY7qKySs6LsX5HstwN}
{"logTime": "0114/160147", "correlationVector":"7oqMwY7qKySs6LsX5HstwN.1","action":"SyncServerConnectionManagerRequest", "result":"SYNC_SERVER_OK", "context":{"environment":"Prod_southeastasia_prod-s01-064-apac-southeastasia", "migrationStage":"NotStarted", "server":"akswtt10900000k"}}
{"logTime": "0114/160147", "correlationVector":"7oqMwY7qKySs6LsX5HstwN.2","action":"ProcessGetUpdates", "result":"Done", "context":{"dataType":"Autofill", "deleted":"0", "process_failed_to_decrypt":"0", "process_pending_decryption":"0", "process_success":"7", "total":"7"}}
{"logTime": "0114/160147", "correlationVector":"7oqMwY7qKySs6LsX5HstwN.3","action":"ProcessGetUpdates", "result":"Done", "context":{"dataType":"Sessions", "deleted":"26", "process_failed_to_decrypt":"0", "process_pending_decryption":"0", "process_success":"31", "total":"31"}}
{"logTime": "0114/160147", "correlationVector":"7oqMwY7qKySs6LsX5HstwN.4","action":"GetUpdates Response", "result":"Success", "context":Received 38 update(s). cV=7oqMwY7qKySs6LsX5HstwN.0;server=akswtt10900000k;cloudType=Consumer;environment=Prod_southeastasia_prod-s01-064-apac-southeastasia;migrationStage=NotStarted}
{"logTime": "0114/160147", "correlationVector":"NZLx5FF/QEDiG0ZMyyqP7f","action":"Initial GetUpdates", "result":"", "context":Reason: NEWLY_SUPPORTED_DATATYPE. cV=NZLx5FF/QEDiG0ZMyyqP7f}
{"logTime": "0114/160148", "correlationVector":"NZLx5FF/QEDiG0ZMyyqP7f.1","action":"SyncServerConnectionManagerRequest", "result":"SYNC_SERVER_OK", "context":{"environment":"Prod_southeastasia_prod-s01-064-apac-southeastasia", "migrationStage":"NotStarted", "server":"akswtt109000005"}}
{"logTime": "0114/160148", "correlationVector":"NZLx5FF/QEDiG0ZMyyqP7f.2","action":"ProcessGetUpdates", "result":"Done", "context":{"dataType":"History", "deleted":"0", "process_failed_to_decrypt":"0", "process_pending_decryption":"0", "process_success":"129", "total":"129"}}
{"logTime": "0114/160148", "correlationVector":"NZLx5FF/QEDiG0ZMyyqP7f.3","action":"GetUpdates Response", "result":"Success", "context":Received 129 update(s). cV=NZLx5FF/QEDiG0ZMyyqP7f.0;server=akswtt109000005;cloudType=Consumer;environment=Prod_southeastasia_prod-s01-064-apac-southeastasia;migrationStage=NotStarted}
{"logTime": "0114/160148", "correlationVector":"e+26Wlopy2aDTawyVKjBIx","action":"Normal GetUpdate request", "result":"", "context":cV=e+26Wlopy2aDTawyVKjBIx
Nudged types: Sessions, Device Info, User Consents
Refresh requested types: Bookmarks, Preferences, Passwords, Autofill Profiles, Autofill, Extensions, Sessions, Extension settings, History Delete Directives, Device Info, User Consents, Send Tab To Self, Web Apps, History, Saved Tab Group, WebAuthn Credentials, Collection, Edge E Drop, Edge Hub App Usage, Edge Wallet, Encryption Keys}
{"logTime": "0114/160148", "correlationVector":"e+26Wlopy2aDTawyVKjBIx.1","action":"SyncServerConnectionManagerRequest", "result":"SYNC_SERVER_OK", "context":{"environment":"Prod_southeastasia_prod-s01-064-apac-southeastasia", "migrationStage":"NotStarted", "server":"akswtt10900000k"}}
{"logTime": "0114/160148", "correlationVector":"e+26Wlopy2aDTawyVKjBIx.2","action":"GetUpdates Response", "result":"Success", "context":Received 0 update(s). cV=e+26Wlopy2aDTawyVKjBIx.0;server=akswtt10900000k;cloudType=Consumer;environment=Prod_southeastasia_prod-s01-064-apac-southeastasia;migrationStage=NotStarted}
{"logTime": "0114/160148", "correlationVector":"BeAief/ln3DT3cjN1Zj9NH","action":"DoCompareDataConsistency requsted types: ", "result":"Bookmarks, Preferences, Passwords, Extensions, Extension settings, History Delete Directives, Send Tab To Self, Web Apps, History, Saved Tab Group, WebAuthn Credentials, Collection, Edge E Drop, Edge Wallet, Encryption Keys"}
{"logTime": "0114/160148", "correlationVector":"BeAief/ln3DT3cjN1Zj9NH.0","action":"CompareDataConsistency result: ", "result":"Compare result: Encryption Keys is consistent. local entities count is: 1 local entities hash is: ggpm2klKWFuCuMjZfuNjnFQI0Ss="}
{"logTime": "0114/160148", "correlationVector":"BeAief/ln3DT3cjN1Zj9NH.1","action":"CompareDataConsistency result: ", "result":"Compare result: Bookmarks is consistent. local entities count is: 0 local entities hash is: "}
{"logTime": "0114/160148", "correlationVector":"BeAief/ln3DT3cjN1Zj9NH.2","action":"CompareDataConsistency result: ", "result":"Compare result: Preferences is consistent. local entities count is: 29 local entities hash is: 2ahmP2dA2kI5zwP/LBcHrH8PswY="}
{"logTime": "0114/160148", "correlationVector":"BeAief/ln3DT3cjN1Zj9NH.3","action":"CompareDataConsistency result: ", "result":"Compare result: Extensions is consistent. local entities count is: 0 local entities hash is: "}
{"logTime": "0114/160148", "correlationVector":"BeAief/ln3DT3cjN1Zj9NH.4","action":"CompareDataConsistency result: ", "result":"Compare result: Extension settings is consistent. local entities count is: 0 local entities hash is: "}
{"logTime": "0114/160148", "correlationVector":"BeAief/ln3DT3cjN1Zj9NH.5","action":"CompareDataConsistency result: ", "result":"Compare result: History Delete Directives is consistent. local entities count is: 0 local entities hash is: "}
{"logTime": "0114/160148", "correlationVector":"BeAief/ln3DT3cjN1Zj9NH.6","action":"CompareDataConsistency result: ", "result":"Server did not send this Send Tab To Self local entities count is: 0 local entities hash is: "}
{"logTime": "0114/160148", "correlationVector":"BeAief/ln3DT3cjN1Zj9NH.7","action":"CompareDataConsistency result: ", "result":"Compare result: Web Apps is consistent. local entities count is: 0 local entities hash is: "}
{"logTime": "0114/160148", "correlationVector":"BeAief/ln3DT3cjN1Zj9NH.8","action":"CompareDataConsistency result: ", "result":"Server did not send this History local entities count is: 0 local entities hash is: "}
{"logTime": "0114/160148", "correlationVector":"BeAief/ln3DT3cjN1Zj9NH.9","action":"CompareDataConsistency result: ", "result":"Compare result: Saved Tab Group is consistent. local entities count is: 0 local entities hash is: "}
{"logTime": "0114/160148", "correlationVector":"BeAief/ln3DT3cjN1Zj9NH.10","action":"CompareDataConsistency result: ", "result":"Server did not send this WebAuthn Credentials local entities count is: 0 local entities hash is: "}
{"logTime": "0114/160148", "correlationVector":"BeAief/ln3DT3cjN1Zj9NH.11","action":"CompareDataConsistency result: ", "result":"Compare result: Collection is consistent. local entities count is: 0 local entities hash is: "}
{"logTime": "0114/160148", "correlationVector":"BeAief/ln3DT3cjN1Zj9NH.12","action":"CompareDataConsistency result: ", "result":"Compare result: Edge E Drop is consistent. local entities count is: 0 local entities hash is: "}
{"logTime": "0114/160148", "correlationVector":"BeAief/ln3DT3cjN1Zj9NH.13","action":"CompareDataConsistency result: ", "result":"Compare result: Edge Wallet is consistent. local entities count is: 0 local entities hash is: "}
{"logTime": "0114/160148", "correlationVector":"BeAief/ln3DT3cjN1Zj9NH.14","action":"CompareDataConsistency result: ", "result":"Compare result: Passwords is consistent. local entities count is: 0 local entities hash is: "}
{"logTime": "0114/160148", "correlationVector":"jfwf3OxW2BKtzSlpdq6ELX","action":"Commit Request", "result":"", "context":Item count: 4
Contributing types: Sessions, Device Info, User Consents}
{"logTime": "0114/160149", "correlationVector":"jfwf3OxW2BKtzSlpdq6ELX.1","action":"SyncServerConnectionManagerRequest", "result":"SYNC_SERVER_OK", "context":{"environment":"Prod_southeastasia_prod-s01-064-apac-southeastasia", "migrationStage":"NotStarted", "server":"akswtt109000005"}}
{"logTime": "0114/160149", "correlationVector":"jfwf3OxW2BKtzSlpdq6ELX.2","action":"Commit Response", "result":"Success", "context":Result: Success. cV=jfwf3OxW2BKtzSlpdq6ELX.0;server=akswtt109000005;cloudType=Consumer;environment=Prod_southeastasia_prod-s01-064-apac-southeastasia;migrationStage=NotStarted}
{"logTime": "0114/160149", "correlationVector":"","action":"DIAGNOSTIC_REQUEST|v1/diagnosticData/Diagnostic.SendCheckResult()|SUCCESS", "result":""}
{"logTime": "0114/160149", "correlationVector":"0hCXVfi53pinLd2KDu/wjD","action":"Commit Request", "result":"", "context":Item count: 1
Contributing types: User Consents}
{"logTime": "0114/160150", "correlationVector":"0hCXVfi53pinLd2KDu/wjD.1","action":"SyncServerConnectionManagerRequest", "result":"SYNC_SERVER_OK", "context":{"environment":"Prod_southeastasia_prod-s01-064-apac-southeastasia", "migrationStage":"NotStarted", "server":"akswtt10900000s"}}
{"logTime": "0114/160150", "correlationVector":"0hCXVfi53pinLd2KDu/wjD.2","action":"Commit Response", "result":"Success", "context":Result: Success. cV=0hCXVfi53pinLd2KDu/wjD.0;server=akswtt10900000s;cloudType=Consumer;environment=Prod_southeastasia_prod-s01-064-apac-southeastasia;migrationStage=NotStarted}
{"logTime": "0114/160214", "correlationVector":"fDd3wafo3mNAVRg3m56B/4","action":"Commit Request", "result":"", "context":Item count: 3
Contributing types: Preferences, Sessions, History}
{"logTime": "0114/160215", "correlationVector":"fDd3wafo3mNAVRg3m56B/4.1","action":"SyncServerConnectionManagerRequest", "result":"SYNC_SERVER_OK", "context":{"environment":"Prod_southeastasia_prod-s01-064-apac-southeastasia", "migrationStage":"NotStarted", "server":"akswtt10900000f"}}
{"logTime": "0114/160215", "correlationVector":"fDd3wafo3mNAVRg3m56B/4.2","action":"Commit Response", "result":"Success", "context":Result: Success. cV=fDd3wafo3mNAVRg3m56B/4.0;server=akswtt10900000f;cloudType=Consumer;environment=Prod_southeastasia_prod-s01-064-apac-southeastasia;migrationStage=NotStarted}
{"logTime": "0115/075221", "correlationVector":"kasRbcAd2fPEWPOKMS1wxi.1","action":"SyncServerConnectionManagerRequest", "result":"SYNC_SERVER_OK", "context":{"environment":"Prod_southeastasia_prod-s01-065-apac-southeastasia", "migrationStage":"NotStarted", "server":"akswtt10900000e"}}
{"logTime": "0115/075221", "correlationVector":"kasRbcAd2fPEWPOKMS1wxi.2","action":"ProcessGetUpdates", "result":"Done", "context":{"dataType":"Encryption Keys", "deleted":"0", "process_failed_to_decrypt":"0", "process_pending_decryption":"0", "process_success":"1", "total":"1"}}
{"logTime": "0115/075224", "correlationVector":"2opYnZn8U96Zg2oZK0ZFeP","action":"SyncServerConnectionManagerRequest", "result":"SYNC_SERVER_OK", "context":{"environment":"", "migrationStage":"", "server":""}}
{"logTime": "0115/075224", "correlationVector":"2opYnZn8U96Zg2oZK0ZFeP.0","action":"EncryptionKeysFetcher.DownloadKeys:", "result":"Success", "context":Key count: 1, Last key timestamp: 2026-01-11T03:43:41Z}
{"logTime": "0115/075224", "correlationVector":"2opYnZn8U96Zg2oZK0ZFeP.1","action":"EncryptionKeysManager::SetEncryptionKeys:", "result":"Success", "context":Key names[1]:[3Y+oDwt7CEpmhXt9VWC1v24hBgclUqjjS8Ae8jedJZ0VbTI9PCo8jDPSpNUrfYCEbbpZduztDWKL7mpjrH1Hbg==]}
{"logTime": "0115/075224", "correlationVector":"2opYnZn8U96Zg2oZK0ZFeP.2","action":"EncryptionKeysManager::SetEncryptionKeysWithTimestamps:", "result":"Success", "context":Key timestamps[1]:[2026-01-11T03:43:41Z]}
{"logTime": "0115/075224", "correlationVector":"kasRbcAd2fPEWPOKMS1wxi","action":"Initial GetUpdates", "result":"", "context":Reason: NEW_CLIENT. cV=kasRbcAd2fPEWPOKMS1wxi}
{"logTime": "0115/075224", "correlationVector":"kasRbcAd2fPEWPOKMS1wxi.3","action":"GetUpdates Response", "result":"Success", "context":Received 1 update(s). cV=kasRbcAd2fPEWPOKMS1wxi.0;server=akswtt10900000e;cloudType=Consumer;environment=Prod_southeastasia_prod-s01-065-apac-southeastasia;migrationStage=NotStarted}
{"logTime": "0115/075224", "correlationVector":"OTvp+iCo/Ag8wZcTH9T8xh","action":"Normal GetUpdate request", "result":"", "context":cV=OTvp+iCo/Ag8wZcTH9T8xh
Nudged types: Sessions, History
Refresh requested types: Bookmarks, Preferences, Passwords, Autofill Profiles, Autofill, Extensions, Sessions, Extension settings, History Delete Directives, Device Info, User Consents, Send Tab To Self, Web Apps, History, Saved Tab Group, WebAuthn Credentials, Collection, Edge E Drop, Edge Hub App Usage, Edge Wallet, Encryption Keys}
{"logTime": "0115/075224", "correlationVector":"OTvp+iCo/Ag8wZcTH9T8xh.1","action":"SyncServerConnectionManagerRequest", "result":"SYNC_SERVER_OK", "context":{"environment":"Prod_southeastasia_prod-s01-065-apac-southeastasia", "migrationStage":"NotStarted", "server":"akswtt10900000r"}}
{"logTime": "0115/075224", "correlationVector":"OTvp+iCo/Ag8wZcTH9T8xh.2","action":"ProcessGetUpdates", "result":"Done", "context":{"dataType":"Preferences", "deleted":"0", "process_failed_to_decrypt":"0", "process_pending_decryption":"0", "process_success":"2", "total":"2"}}
{"logTime": "0115/075224", "correlationVector":"OTvp+iCo/Ag8wZcTH9T8xh.3","action":"ProcessGetUpdates", "result":"Done", "context":{"dataType":"Sessions", "deleted":"9", "process_failed_to_decrypt":"0", "process_pending_decryption":"0", "process_success":"14", "total":"14"}}
{"logTime": "0115/075224", "correlationVector":"OTvp+iCo/Ag8wZcTH9T8xh.4","action":"ProcessGetUpdates", "result":"Done", "context":{"dataType":"History", "deleted":"0", "process_failed_to_decrypt":"0", "process_pending_decryption":"0", "process_success":"42", "total":"42"}}
{"logTime": "0115/075224", "correlationVector":"OTvp+iCo/Ag8wZcTH9T8xh.5","action":"GetUpdates Response", "result":"Success", "context":Received 58 update(s). cV=OTvp+iCo/Ag8wZcTH9T8xh.0;server=akswtt10900000r;cloudType=Consumer;environment=Prod_southeastasia_prod-s01-065-apac-southeastasia;migrationStage=NotStarted}
{"logTime": "0115/075224", "correlationVector":"HrQP7qV5J28sxJachLeOHr","action":"Commit Request", "result":"", "context":Item count: 4
Contributing types: Sessions, History}
{"logTime": "0115/075226", "correlationVector":"HrQP7qV5J28sxJachLeOHr.1","action":"SyncServerConnectionManagerRequest", "result":"SYNC_SERVER_OK", "context":{"environment":"Prod_southeastasia_prod-s01-065-apac-southeastasia", "migrationStage":"NotStarted", "server":"akswtt10900000i"}}
{"logTime": "0115/075226", "correlationVector":"HrQP7qV5J28sxJachLeOHr.2","action":"Commit Response", "result":"Success", "context":Result: Success. cV=HrQP7qV5J28sxJachLeOHr.0;server=akswtt10900000i;cloudType=Consumer;environment=Prod_southeastasia_prod-s01-065-apac-southeastasia;migrationStage=NotStarted}
{"logTime": "0115/075226", "correlationVector":"HrQP7qV5J28sxJachLeOHr.3","action":"Commit.Sessions", "result":"Success", "context":{"id":"1dc408aa-cae5-4b98-8f08-546d1049b9f5", "isDeleted":"true", "size":"0", "version":"1768406536308"}}
{"logTime": "0115/075226", "correlationVector":"e9ax1I5WGqNam2GSEVITEx","action":"Poll GetUpdate request", "result":"", "context":cV=e9ax1I5WGqNam2GSEVITEx}
{"logTime": "0115/075226", "correlationVector":"e9ax1I5WGqNam2GSEVITEx.1","action":"SyncServerConnectionManagerRequest", "result":"SYNC_SERVER_OK", "context":{"environment":"Prod_southeastasia_prod-s01-065-apac-southeastasia", "migrationStage":"NotStarted", "server":"akswtt10900000l"}}
{"logTime": "0115/075226", "correlationVector":"e9ax1I5WGqNam2GSEVITEx.2","action":"ProcessGetUpdates", "result":"Done", "context":{"dataType":"Sessions", "deleted":"1", "process_failed_to_decrypt":"0", "process_pending_decryption":"0", "process_success":"3", "total":"3"}}
{"logTime": "0115/075226", "correlationVector":"e9ax1I5WGqNam2GSEVITEx.3","action":"ProcessGetUpdates", "result":"Done", "context":{"dataType":"History", "deleted":"0", "process_failed_to_decrypt":"0", "process_pending_decryption":"0", "process_success":"1", "total":"1"}}
{"logTime": "0115/075226", "correlationVector":"e9ax1I5WGqNam2GSEVITEx.4","action":"GetUpdates Response", "result":"Success", "context":Received 4 update(s). cV=e9ax1I5WGqNam2GSEVITEx.0;server=akswtt10900000l;cloudType=Consumer;environment=Prod_southeastasia_prod-s01-065-apac-southeastasia;migrationStage=NotStarted}
{"logTime": "0115/082602", "correlationVector":"KgAcilXx9SrJFyFg09uty3","action":"Normal GetUpdate request", "result":"", "context":cV=KgAcilXx9SrJFyFg09uty3
Nudged types: Sessions, History
Notified types: Device Info, History}
{"logTime": "0115/082603", "correlationVector":"KgAcilXx9SrJFyFg09uty3.1","action":"SyncServerConnectionManagerRequest", "result":"SYNC_SERVER_OK", "context":{"environment":"Prod_southeastasia_prod-s01-065-apac-southeastasia", "migrationStage":"NotStarted", "server":"akswtt10900000o"}}
{"logTime": "0115/082603", "correlationVector":"KgAcilXx9SrJFyFg09uty3.2","action":"ProcessGetUpdates", "result":"Done", "context":{"dataType":"Sessions", "deleted":"1", "process_failed_to_decrypt":"0", "process_pending_decryption":"0", "process_success":"4", "total":"4"}}
{"logTime": "0115/082603", "correlationVector":"KgAcilXx9SrJFyFg09uty3.3","action":"ProcessGetUpdates", "result":"Done", "context":{"dataType":"History", "deleted":"0", "process_failed_to_decrypt":"0", "process_pending_decryption":"0", "process_success":"1", "total":"1"}}
{"logTime": "0115/082603", "correlationVector":"KgAcilXx9SrJFyFg09uty3.4","action":"GetUpdates Response", "result":"Success", "context":Received 5 update(s). cV=KgAcilXx9SrJFyFg09uty3.0;server=akswtt10900000o;cloudType=Consumer;environment=Prod_southeastasia_prod-s01-065-apac-southeastasia;migrationStage=NotStarted}
{"logTime": "0115/082603", "correlationVector":"stXkTIJ/rJ2SbinvOFKEBp","action":"Commit Request", "result":"", "context":Item count: 6
Contributing types: Sessions, History}
{"logTime": "0115/082604", "correlationVector":"stXkTIJ/rJ2SbinvOFKEBp.1","action":"SyncServerConnectionManagerRequest", "result":"SYNC_SERVER_OK", "context":{"environment":"Prod_southeastasia_prod-s01-065-apac-southeastasia", "migrationStage":"NotStarted", "server":"akswtt10900000p"}}
{"logTime": "0115/082604", "correlationVector":"stXkTIJ/rJ2SbinvOFKEBp.2","action":"Commit Response", "result":"Success", "context":Result: Success. cV=stXkTIJ/rJ2SbinvOFKEBp.0;server=akswtt10900000p;cloudType=Consumer;environment=Prod_southeastasia_prod-s01-065-apac-southeastasia;migrationStage=NotStarted}
{"logTime": "0115/082606", "correlationVector":"1twoqNAHkSfaaiazdKApqC","action":"Normal GetUpdate request", "result":"", "context":cV=1twoqNAHkSfaaiazdKApqC
Nudged types: Sessions, History
Notified types: Preferences, History}
{"logTime": "0115/082606", "correlationVector":"1twoqNAHkSfaaiazdKApqC.1","action":"SyncServerConnectionManagerRequest", "result":"SYNC_SERVER_OK", "context":{"environment":"Prod_southeastasia_prod-s01-065-apac-southeastasia", "migrationStage":"NotStarted", "server":"akswtt10900000j"}}
{"logTime": "0115/082606", "correlationVector":"1twoqNAHkSfaaiazdKApqC.2","action":"ProcessGetUpdates", "result":"Done", "context":{"dataType":"Preferences", "deleted":"0", "process_failed_to_decrypt":"0", "process_pending_decryption":"0", "process_success":"1", "total":"1"}}
{"logTime": "0115/082606", "correlationVector":"1twoqNAHkSfaaiazdKApqC.3","action":"ProcessGetUpdates", "result":"Done", "context":{"dataType":"Sessions", "deleted":"0", "process_failed_to_decrypt":"0", "process_pending_decryption":"0", "process_success":"3", "total":"3"}}
{"logTime": "0115/082606", "correlationVector":"1twoqNAHkSfaaiazdKApqC.4","action":"ProcessGetUpdates", "result":"Done", "context":{"dataType":"History", "deleted":"0", "process_failed_to_decrypt":"0", "process_pending_decryption":"0", "process_success":"6", "total":"6"}}
{"logTime": "0115/082606", "correlationVector":"1twoqNAHkSfaaiazdKApqC.5","action":"GetUpdates Response", "result":"Success", "context":Received 10 update(s). cV=1twoqNAHkSfaaiazdKApqC.0;server=akswtt10900000j;cloudType=Consumer;environment=Prod_southeastasia_prod-s01-065-apac-southeastasia;migrationStage=NotStarted}
{"logTime": "0115/082620", "correlationVector":"yBfcw7bRiIxQB6AUyNrVt+","action":"Normal GetUpdate request", "result":"", "context":cV=yBfcw7bRiIxQB6AUyNrVt+
Notified types: Preferences, Device Info, History}
{"logTime": "0115/082621", "correlationVector":"yBfcw7bRiIxQB6AUyNrVt+.1","action":"SyncServerConnectionManagerRequest", "result":"SYNC_SERVER_OK", "context":{"environment":"Prod_southeastasia_prod-s01-064-apac-southeastasia", "migrationStage":"NotStarted", "server":"akswtt10900000h"}}
{"logTime": "0115/082621", "correlationVector":"yBfcw7bRiIxQB6AUyNrVt+.2","action":"ProcessGetUpdates", "result":"Done", "context":{"dataType":"Preferences", "deleted":"0", "process_failed_to_decrypt":"0", "process_pending_decryption":"0", "process_success":"1", "total":"1"}}
{"logTime": "0115/082621", "correlationVector":"yBfcw7bRiIxQB6AUyNrVt+.3","action":"ProcessGetUpdates", "result":"Done", "context":{"dataType":"Sessions", "deleted":"0", "process_failed_to_decrypt":"0", "process_pending_decryption":"0", "process_success":"3", "total":"3"}}
{"logTime": "0115/082621", "correlationVector":"yBfcw7bRiIxQB6AUyNrVt+.4","action":"ProcessGetUpdates", "result":"Done", "context":{"dataType":"History", "deleted":"0", "process_failed_to_decrypt":"0", "process_pending_decryption":"0", "process_success":"3", "total":"3"}}
{"logTime": "0115/082621", "correlationVector":"yBfcw7bRiIxQB6AUyNrVt+.5","action":"GetUpdates Response", "result":"Success", "context":Received 7 update(s). cV=yBfcw7bRiIxQB6AUyNrVt+.0;server=akswtt10900000h;cloudType=Consumer;environment=Prod_southeastasia_prod-s01-064-apac-southeastasia;migrationStage=NotStarted}
{"logTime": "0115/155059", "correlationVector":"sWK3flZ1TlR20AFN4EPSRN.1","action":"SyncServerConnectionManagerRequest", "result":"SYNC_SERVER_OK", "context":{"environment":"Prod_southeastasia_prod-s01-065-apac-southeastasia", "migrationStage":"NotStarted", "server":"akswtt10900000f"}}
{"logTime": "0115/155059", "correlationVector":"sWK3flZ1TlR20AFN4EPSRN.2","action":"ProcessGetUpdates", "result":"Done", "context":{"dataType":"Encryption Keys", "deleted":"0", "process_failed_to_decrypt":"0", "process_pending_decryption":"0", "process_success":"1", "total":"1"}}
{"logTime": "0115/155100", "correlationVector":"cfGoeDqbRtfa4KpfFCvrFZ","action":"SyncServerConnectionManagerRequest", "result":"SYNC_SERVER_OK", "context":{"environment":"", "migrationStage":"", "server":""}}
{"logTime": "0115/155100", "correlationVector":"cfGoeDqbRtfa4KpfFCvrFZ.0","action":"EncryptionKeysFetcher.DownloadKeys:", "result":"Success", "context":Key count: 1, Last key timestamp: 2026-01-11T03:43:41Z}
{"logTime": "0115/155100", "correlationVector":"cfGoeDqbRtfa4KpfFCvrFZ.1","action":"EncryptionKeysManager::SetEncryptionKeys:", "result":"Success", "context":Key names[1]:[3Y+oDwt7CEpmhXt9VWC1v24hBgclUqjjS8Ae8jedJZ0VbTI9PCo8jDPSpNUrfYCEbbpZduztDWKL7mpjrH1Hbg==]}
{"logTime": "0115/155100", "correlationVector":"cfGoeDqbRtfa4KpfFCvrFZ.2","action":"EncryptionKeysManager::SetEncryptionKeysWithTimestamps:", "result":"Success", "context":Key timestamps[1]:[2026-01-11T03:43:41Z]}
